---------------------------------------------------------------
[ 2017-11-03T08:15:39+08:00 ] 127.0.0.1 127.0.0.1 GET /admin
[ info ] www.pluralisticshop.com/admin [运行时间：0.058778s][吞吐率：17.01req/s] [内存消耗：481.00kb] [文件加载：50]
[ info ] [ LANG ] /var/www/html/pluralisticShop/thinkphp/lang/zh-cn.php
[ info ] [ ROUTE ] array (
  'type' => 'module',
  'module' => 
  array (
    0 => 'admin',
    1 => NULL,
    2 => NULL,
  ),
)
[ info ] [ HEADER ] array (
  'host' => 'www.pluralisticshop.com',
  'connection' => 'keep-alive',
  'upgrade-insecure-requests' => '1',
  'user-agent' => 'Mozilla/5.0 (X11; Linux x86_64) AppleWebKit/537.36 (KHTML, like Gecko) Chrome/59.0.3071.115 Safari/537.36',
  'accept' => 'text/html,application/xhtml+xml,application/xml;q=0.9,image/webp,image/apng,*/*;q=0.8',
  'accept-encoding' => 'gzip, deflate',
  'accept-language' => 'zh-CN,zh;q=0.8',
  'cookie' => 'bdshare_firstime=1509503438611',
)
[ info ] [ PARAM ] array (
)
[ info ] [ RUN ] app\admin\controller\Index->index[ /var/www/html/pluralisticShop/application/admin/controller/Index.php ]
[ info ] [ VIEW ] /var/www/html/pluralisticShop/public/../application/admin/view/index/index.html [ array (
) ]
[ info ] [ LOG ] INIT File
---------------------------------------------------------------
[ 2017-11-03T08:16:10+08:00 ] 127.0.0.1 127.0.0.1 GET /admin/product/prolist.html
[ info ] www.pluralisticshop.com/admin/product/prolist.html [运行时间：0.047325s][吞吐率：21.13req/s] [内存消耗：1,328.03kb] [文件加载：59]
[ info ] [ LANG ] /var/www/html/pluralisticShop/thinkphp/lang/zh-cn.php
[ info ] [ ROUTE ] array (
  'type' => 'module',
  'module' => 
  array (
    0 => 'admin',
    1 => 'product',
    2 => 'prolist',
  ),
)
[ info ] [ HEADER ] array (
  'host' => 'www.pluralisticshop.com',
  'connection' => 'keep-alive',
  'upgrade-insecure-requests' => '1',
  'user-agent' => 'Mozilla/5.0 (X11; Linux x86_64) AppleWebKit/537.36 (KHTML, like Gecko) Chrome/59.0.3071.115 Safari/537.36',
  'accept' => 'text/html,application/xhtml+xml,application/xml;q=0.9,image/webp,image/apng,*/*;q=0.8',
  'referer' => 'http://www.pluralisticshop.com/admin',
  'accept-encoding' => 'gzip, deflate',
  'accept-language' => 'zh-CN,zh;q=0.8',
  'cookie' => 'bdshare_firstime=1509503438611',
)
[ info ] [ PARAM ] array (
)
[ info ] [ RUN ] app\admin\controller\Product->prolist[ /var/www/html/pluralisticShop/application/admin/controller/Product.php ]
[ info ] [ DB ] INIT mysql
[ info ] [ VIEW ] /var/www/html/pluralisticShop/public/../application/admin/view/product/product-list.html [ array (
  0 => 'res',
) ]
[ info ] [ LOG ] INIT File
[ sql ] [ DB ] CONNECT:[ UseTime:0.003541s ] mysql:host=127.0.0.1;dbname=lastproject;charset=utf8
[ sql ] [ SQL ] SHOW COLUMNS FROM `think_product` [ RunTime:0.001365s ]
[ sql ] [ SQL ] SELECT * FROM `think_product` WHERE  `status` >= 0 [ RunTime:0.000478s ]
---------------------------------------------------------------
[ 2017-11-03T08:26:09+08:00 ] 127.0.0.1 127.0.0.1 GET /admin/product/prolist.html
[ info ] www.pluralisticshop.com/admin/product/prolist.html [运行时间：0.026415s][吞吐率：37.86req/s] [内存消耗：1,323.67kb] [文件加载：59]
[ info ] [ LANG ] /var/www/html/pluralisticShop/thinkphp/lang/zh-cn.php
[ info ] [ ROUTE ] array (
  'type' => 'module',
  'module' => 
  array (
    0 => 'admin',
    1 => 'product',
    2 => 'prolist',
  ),
)
[ info ] [ HEADER ] array (
  'host' => 'www.pluralisticshop.com',
  'connection' => 'keep-alive',
  'upgrade-insecure-requests' => '1',
  'user-agent' => 'Mozilla/5.0 (X11; Linux x86_64) AppleWebKit/537.36 (KHTML, like Gecko) Chrome/59.0.3071.115 Safari/537.36',
  'accept' => 'text/html,application/xhtml+xml,application/xml;q=0.9,image/webp,image/apng,*/*;q=0.8',
  'referer' => 'http://www.pluralisticshop.com/admin',
  'accept-encoding' => 'gzip, deflate',
  'accept-language' => 'zh-CN,zh;q=0.8',
  'cookie' => 'bdshare_firstime=1509503438611',
)
[ info ] [ PARAM ] array (
)
[ info ] [ RUN ] app\admin\controller\Product->prolist[ /var/www/html/pluralisticShop/application/admin/controller/Product.php ]
[ info ] [ DB ] INIT mysql
[ info ] [ VIEW ] /var/www/html/pluralisticShop/public/../application/admin/view/product/product-list.html [ array (
  0 => 'res',
) ]
[ info ] [ LOG ] INIT File
[ sql ] [ DB ] CONNECT:[ UseTime:0.003375s ] mysql:host=127.0.0.1;dbname=lastproject;charset=utf8
[ sql ] [ SQL ] SHOW COLUMNS FROM `think_product` [ RunTime:0.001620s ]
[ sql ] [ SQL ] SELECT * FROM `think_product` WHERE  `status` >= 0 [ RunTime:0.000506s ]
---------------------------------------------------------------
[ 2017-11-03T08:26:10+08:00 ] 127.0.0.1 127.0.0.1 GET /admin/product/proadd.html
[ info ] www.pluralisticshop.com/admin/product/proadd.html [运行时间：0.018051s][吞吐率：55.40req/s] [内存消耗：764.97kb] [文件加载：59]
[ info ] [ LANG ] /var/www/html/pluralisticShop/thinkphp/lang/zh-cn.php
[ info ] [ ROUTE ] array (
  'type' => 'module',
  'module' => 
  array (
    0 => 'admin',
    1 => 'product',
    2 => 'proadd',
  ),
)
[ info ] [ HEADER ] array (
  'host' => 'www.pluralisticshop.com',
  'connection' => 'keep-alive',
  'upgrade-insecure-requests' => '1',
  'user-agent' => 'Mozilla/5.0 (X11; Linux x86_64) AppleWebKit/537.36 (KHTML, like Gecko) Chrome/59.0.3071.115 Safari/537.36',
  'accept' => 'text/html,application/xhtml+xml,application/xml;q=0.9,image/webp,image/apng,*/*;q=0.8',
  'referer' => 'http://www.pluralisticshop.com/admin/product/prolist.html',
  'accept-encoding' => 'gzip, deflate',
  'accept-language' => 'zh-CN,zh;q=0.8',
  'cookie' => 'bdshare_firstime=1509503438611',
)
[ info ] [ PARAM ] array (
)
[ info ] [ RUN ] app\admin\controller\Product->proadd[ /var/www/html/pluralisticShop/application/admin/controller/Product.php ]
[ info ] [ DB ] INIT mysql
[ info ] [ VIEW ] /var/www/html/pluralisticShop/public/../application/admin/view/product/product-add.html [ array (
  0 => 'categorytitleEr',
) ]
[ info ] [ LOG ] INIT File
[ sql ] [ DB ] CONNECT:[ UseTime:0.000617s ] mysql:host=127.0.0.1;dbname=lastproject;charset=utf8
[ sql ] [ SQL ] SHOW COLUMNS FROM `think_category` [ RunTime:0.001010s ]
[ sql ] [ SQL ] SELECT * FROM `think_category` WHERE  `status` = 1  AND `parent_id` = 0 [ RunTime:0.000669s ]
[ sql ] [ SQL ] SELECT * FROM `think_category` WHERE  `status` = 1  AND `parent_id` = 1 [ RunTime:0.000366s ]
[ sql ] [ SQL ] SELECT * FROM `think_category` WHERE  `status` = 1  AND `parent_id` = 2 [ RunTime:0.000340s ]
[ sql ] [ SQL ] SELECT * FROM `think_category` WHERE  `status` = 1  AND `parent_id` = 3 [ RunTime:0.000308s ]
[ sql ] [ SQL ] SELECT * FROM `think_category` WHERE  `status` = 1  AND `parent_id` = 4 [ RunTime:0.000278s ]
[ sql ] [ SQL ] SELECT * FROM `think_category` WHERE  `status` = 1  AND `parent_id` = 5 [ RunTime:0.000284s ]
[ sql ] [ SQL ] SELECT * FROM `think_category` WHERE  `status` = 1  AND `parent_id` = 6 [ RunTime:0.000289s ]
---------------------------------------------------------------
[ 2017-11-03T08:26:17+08:00 ] 127.0.0.1 127.0.0.1 POST /admin/product/save.html
[ info ] www.pluralisticshop.com/admin/product/save.html [运行时间：0.029564s][吞吐率：33.82req/s] [内存消耗：673.07kb] [文件加载：62]
[ info ] [ LANG ] /var/www/html/pluralisticShop/thinkphp/lang/zh-cn.php
[ info ] [ ROUTE ] array (
  'type' => 'module',
  'module' => 
  array (
    0 => 'admin',
    1 => 'product',
    2 => 'save',
  ),
)
[ info ] [ HEADER ] array (
  'host' => 'www.pluralisticshop.com',
  'connection' => 'keep-alive',
  'content-length' => '1156',
  'cache-control' => 'max-age=0',
  'origin' => 'http://www.pluralisticshop.com',
  'upgrade-insecure-requests' => '1',
  'user-agent' => 'Mozilla/5.0 (X11; Linux x86_64) AppleWebKit/537.36 (KHTML, like Gecko) Chrome/59.0.3071.115 Safari/537.36',
  'content-type' => 'multipart/form-data; boundary=----WebKitFormBoundary3klymT38oyhkkLoq',
  'accept' => 'text/html,application/xhtml+xml,application/xml;q=0.9,image/webp,image/apng,*/*;q=0.8',
  'referer' => 'http://www.pluralisticshop.com/admin/product/proadd.html',
  'accept-encoding' => 'gzip, deflate',
  'accept-language' => 'zh-CN,zh;q=0.8',
  'cookie' => 'bdshare_firstime=1509503438611',
)
[ info ] [ PARAM ] array (
  'product_id' => '1001',
  'pinpai' => '',
  'product_title' => '',
  'product_type' => '0',
  'listorder' => '0',
  'price' => '',
  'originalprice' => '',
  'starttime' => '',
  'endtime' => '',
  'stock' => '',
)
[ info ] [ RUN ] app\admin\controller\Product->save[ /var/www/html/pluralisticShop/application/admin/controller/Product.php ]
[ info ] [ DB ] INIT mysql
[ info ] [ LOG ] INIT File
[ sql ] [ DB ] CONNECT:[ UseTime:0.003104s ] mysql:host=127.0.0.1;dbname=lastproject;charset=utf8
[ error ] [10501]SQLSTATE[42S02]: Base table or view not found: 1146 Table 'lastproject.think_' doesn't exist[/var/www/html/pluralisticShop/thinkphp/library/think/db/Connection.php:388]
---------------------------------------------------------------
[ 2017-11-03T08:28:06+08:00 ] 127.0.0.1 127.0.0.1 GET /admin/product/prolist.html
[ info ] www.pluralisticshop.com/admin/product/prolist.html [运行时间：0.012101s][吞吐率：82.64req/s] [内存消耗：477.00kb] [文件加载：54]
[ info ] [ LANG ] /var/www/html/pluralisticShop/thinkphp/lang/zh-cn.php
[ info ] [ ROUTE ] array (
  'type' => 'module',
  'module' => 
  array (
    0 => 'admin',
    1 => 'product',
    2 => 'prolist',
  ),
)
[ info ] [ HEADER ] array (
  'host' => 'www.pluralisticshop.com',
  'connection' => 'keep-alive',
  'upgrade-insecure-requests' => '1',
  'user-agent' => 'Mozilla/5.0 (X11; Linux x86_64) AppleWebKit/537.36 (KHTML, like Gecko) Chrome/59.0.3071.115 Safari/537.36',
  'accept' => 'text/html,application/xhtml+xml,application/xml;q=0.9,image/webp,image/apng,*/*;q=0.8',
  'referer' => 'http://www.pluralisticshop.com/admin',
  'accept-encoding' => 'gzip, deflate',
  'accept-language' => 'zh-CN,zh;q=0.8',
  'cookie' => 'bdshare_firstime=1509503438611',
)
[ info ] [ PARAM ] array (
)
[ info ] [ RUN ] app\admin\controller\Product->prolist[ /var/www/html/pluralisticShop/application/admin/controller/Product.php ]
[ info ] [ VIEW ] /var/www/html/pluralisticShop/public/../application/admin/view/product/product-list.html [ array (
) ]
[ info ] [ LOG ] INIT File
[ error ] [8]未定义变量: res[/var/www/html/pluralisticShop/runtime/temp/8f047aad19c0c19901c5868e34c30d6c.php:51]
---------------------------------------------------------------
[ 2017-11-03T08:28:23+08:00 ] 127.0.0.1 127.0.0.1 GET /admin/product/prolist.html
[ info ] www.pluralisticshop.com/admin/product/prolist.html [运行时间：0.021503s][吞吐率：46.51req/s] [内存消耗：1,323.67kb] [文件加载：59]
[ info ] [ LANG ] /var/www/html/pluralisticShop/thinkphp/lang/zh-cn.php
[ info ] [ ROUTE ] array (
  'type' => 'module',
  'module' => 
  array (
    0 => 'admin',
    1 => 'product',
    2 => 'prolist',
  ),
)
[ info ] [ HEADER ] array (
  'host' => 'www.pluralisticshop.com',
  'connection' => 'keep-alive',
  'upgrade-insecure-requests' => '1',
  'user-agent' => 'Mozilla/5.0 (X11; Linux x86_64) AppleWebKit/537.36 (KHTML, like Gecko) Chrome/59.0.3071.115 Safari/537.36',
  'accept' => 'text/html,application/xhtml+xml,application/xml;q=0.9,image/webp,image/apng,*/*;q=0.8',
  'referer' => 'http://www.pluralisticshop.com/admin',
  'accept-encoding' => 'gzip, deflate',
  'accept-language' => 'zh-CN,zh;q=0.8',
  'cookie' => 'bdshare_firstime=1509503438611',
)
[ info ] [ PARAM ] array (
)
[ info ] [ RUN ] app\admin\controller\Product->prolist[ /var/www/html/pluralisticShop/application/admin/controller/Product.php ]
[ info ] [ DB ] INIT mysql
[ info ] [ VIEW ] /var/www/html/pluralisticShop/public/../application/admin/view/product/product-list.html [ array (
  0 => 'res',
) ]
[ info ] [ LOG ] INIT File
[ sql ] [ DB ] CONNECT:[ UseTime:0.003548s ] mysql:host=127.0.0.1;dbname=lastproject;charset=utf8
[ sql ] [ SQL ] SHOW COLUMNS FROM `think_product` [ RunTime:0.001289s ]
[ sql ] [ SQL ] SELECT * FROM `think_product` WHERE  `status` >= 0 [ RunTime:0.000665s ]
---------------------------------------------------------------
[ 2017-11-03T08:28:27+08:00 ] 127.0.0.1 127.0.0.1 GET /admin/product/proadd.html
[ info ] www.pluralisticshop.com/admin/product/proadd.html [运行时间：0.022551s][吞吐率：44.34req/s] [内存消耗：761.14kb] [文件加载：59]
[ info ] [ LANG ] /var/www/html/pluralisticShop/thinkphp/lang/zh-cn.php
[ info ] [ ROUTE ] array (
  'type' => 'module',
  'module' => 
  array (
    0 => 'admin',
    1 => 'product',
    2 => 'proadd',
  ),
)
[ info ] [ HEADER ] array (
  'host' => 'www.pluralisticshop.com',
  'connection' => 'keep-alive',
  'upgrade-insecure-requests' => '1',
  'user-agent' => 'Mozilla/5.0 (X11; Linux x86_64) AppleWebKit/537.36 (KHTML, like Gecko) Chrome/59.0.3071.115 Safari/537.36',
  'accept' => 'text/html,application/xhtml+xml,application/xml;q=0.9,image/webp,image/apng,*/*;q=0.8',
  'referer' => 'http://www.pluralisticshop.com/admin/product/prolist.html',
  'accept-encoding' => 'gzip, deflate',
  'accept-language' => 'zh-CN,zh;q=0.8',
  'cookie' => 'bdshare_firstime=1509503438611',
)
[ info ] [ PARAM ] array (
)
[ info ] [ RUN ] app\admin\controller\Product->proadd[ /var/www/html/pluralisticShop/application/admin/controller/Product.php ]
[ info ] [ DB ] INIT mysql
[ info ] [ VIEW ] /var/www/html/pluralisticShop/public/../application/admin/view/product/product-add.html [ array (
  0 => 'categorytitleEr',
) ]
[ info ] [ LOG ] INIT File
[ sql ] [ DB ] CONNECT:[ UseTime:0.000724s ] mysql:host=127.0.0.1;dbname=lastproject;charset=utf8
[ sql ] [ SQL ] SHOW COLUMNS FROM `think_category` [ RunTime:0.001734s ]
[ sql ] [ SQL ] SELECT * FROM `think_category` WHERE  `status` = 1  AND `parent_id` = 0 [ RunTime:0.000423s ]
[ sql ] [ SQL ] SELECT * FROM `think_category` WHERE  `status` = 1  AND `parent_id` = 1 [ RunTime:0.000380s ]
[ sql ] [ SQL ] SELECT * FROM `think_category` WHERE  `status` = 1  AND `parent_id` = 2 [ RunTime:0.000403s ]
[ sql ] [ SQL ] SELECT * FROM `think_category` WHERE  `status` = 1  AND `parent_id` = 3 [ RunTime:0.000338s ]
[ sql ] [ SQL ] SELECT * FROM `think_category` WHERE  `status` = 1  AND `parent_id` = 4 [ RunTime:0.000331s ]
[ sql ] [ SQL ] SELECT * FROM `think_category` WHERE  `status` = 1  AND `parent_id` = 5 [ RunTime:0.000343s ]
[ sql ] [ SQL ] SELECT * FROM `think_category` WHERE  `status` = 1  AND `parent_id` = 6 [ RunTime:0.000309s ]
---------------------------------------------------------------
[ 2017-11-03T08:28:35+08:00 ] 127.0.0.1 127.0.0.1 POST /admin/product/save.html
[ info ] www.pluralisticshop.com/admin/product/save.html [运行时间：0.015690s][吞吐率：63.73req/s] [内存消耗：667.81kb] [文件加载：62]
[ info ] [ LANG ] /var/www/html/pluralisticShop/thinkphp/lang/zh-cn.php
[ info ] [ ROUTE ] array (
  'type' => 'module',
  'module' => 
  array (
    0 => 'admin',
    1 => 'product',
    2 => 'save',
  ),
)
[ info ] [ HEADER ] array (
  'host' => 'www.pluralisticshop.com',
  'connection' => 'keep-alive',
  'content-length' => '1156',
  'cache-control' => 'max-age=0',
  'origin' => 'http://www.pluralisticshop.com',
  'upgrade-insecure-requests' => '1',
  'user-agent' => 'Mozilla/5.0 (X11; Linux x86_64) AppleWebKit/537.36 (KHTML, like Gecko) Chrome/59.0.3071.115 Safari/537.36',
  'content-type' => 'multipart/form-data; boundary=----WebKitFormBoundary9etJhFNtdA19Kp94',
  'accept' => 'text/html,application/xhtml+xml,application/xml;q=0.9,image/webp,image/apng,*/*;q=0.8',
  'referer' => 'http://www.pluralisticshop.com/admin/product/proadd.html',
  'accept-encoding' => 'gzip, deflate',
  'accept-language' => 'zh-CN,zh;q=0.8',
  'cookie' => 'bdshare_firstime=1509503438611',
)
[ info ] [ PARAM ] array (
  'product_id' => '1001',
  'pinpai' => '',
  'product_title' => '',
  'product_type' => '0',
  'listorder' => '0',
  'price' => '',
  'originalprice' => '',
  'starttime' => '',
  'endtime' => '',
  'stock' => '',
)
[ info ] [ RUN ] app\admin\controller\Product->save[ /var/www/html/pluralisticShop/application/admin/controller/Product.php ]
[ info ] [ DB ] INIT mysql
[ info ] [ LOG ] INIT File
[ sql ] [ DB ] CONNECT:[ UseTime:0.002105s ] mysql:host=127.0.0.1;dbname=lastproject;charset=utf8
[ error ] [10501]SQLSTATE[42S02]: Base table or view not found: 1146 Table 'lastproject.think_' doesn't exist[/var/www/html/pluralisticShop/thinkphp/library/think/db/Connection.php:388]
---------------------------------------------------------------
[ 2017-11-03T08:29:32+08:00 ] 127.0.0.1 127.0.0.1 GET /admin/product/prolist.html
[ info ] www.pluralisticshop.com/admin/product/prolist.html [运行时间：0.017924s][吞吐率：55.79req/s] [内存消耗：1,319.84kb] [文件加载：59]
[ info ] [ LANG ] /var/www/html/pluralisticShop/thinkphp/lang/zh-cn.php
[ info ] [ ROUTE ] array (
  'type' => 'module',
  'module' => 
  array (
    0 => 'admin',
    1 => 'product',
    2 => 'prolist',
  ),
)
[ info ] [ HEADER ] array (
  'host' => 'www.pluralisticshop.com',
  'connection' => 'keep-alive',
  'upgrade-insecure-requests' => '1',
  'user-agent' => 'Mozilla/5.0 (X11; Linux x86_64) AppleWebKit/537.36 (KHTML, like Gecko) Chrome/59.0.3071.115 Safari/537.36',
  'accept' => 'text/html,application/xhtml+xml,application/xml;q=0.9,image/webp,image/apng,*/*;q=0.8',
  'referer' => 'http://www.pluralisticshop.com/admin',
  'accept-encoding' => 'gzip, deflate',
  'accept-language' => 'zh-CN,zh;q=0.8',
  'cookie' => 'bdshare_firstime=1509503438611',
)
[ info ] [ PARAM ] array (
)
[ info ] [ RUN ] app\admin\controller\Product->prolist[ /var/www/html/pluralisticShop/application/admin/controller/Product.php ]
[ info ] [ DB ] INIT mysql
[ info ] [ VIEW ] /var/www/html/pluralisticShop/public/../application/admin/view/product/product-list.html [ array (
  0 => 'res',
) ]
[ info ] [ LOG ] INIT File
[ sql ] [ DB ] CONNECT:[ UseTime:0.003042s ] mysql:host=127.0.0.1;dbname=lastproject;charset=utf8
[ sql ] [ SQL ] SHOW COLUMNS FROM `think_product` [ RunTime:0.000994s ]
[ sql ] [ SQL ] SELECT * FROM `think_product` WHERE  `status` >= 0 [ RunTime:0.000393s ]
---------------------------------------------------------------
[ 2017-11-03T08:29:33+08:00 ] 127.0.0.1 127.0.0.1 GET /admin/product/proadd.html
[ info ] www.pluralisticshop.com/admin/product/proadd.html [运行时间：0.014669s][吞吐率：68.17req/s] [内存消耗：761.14kb] [文件加载：59]
[ info ] [ LANG ] /var/www/html/pluralisticShop/thinkphp/lang/zh-cn.php
[ info ] [ ROUTE ] array (
  'type' => 'module',
  'module' => 
  array (
    0 => 'admin',
    1 => 'product',
    2 => 'proadd',
  ),
)
[ info ] [ HEADER ] array (
  'host' => 'www.pluralisticshop.com',
  'connection' => 'keep-alive',
  'upgrade-insecure-requests' => '1',
  'user-agent' => 'Mozilla/5.0 (X11; Linux x86_64) AppleWebKit/537.36 (KHTML, like Gecko) Chrome/59.0.3071.115 Safari/537.36',
  'accept' => 'text/html,application/xhtml+xml,application/xml;q=0.9,image/webp,image/apng,*/*;q=0.8',
  'referer' => 'http://www.pluralisticshop.com/admin/product/prolist.html',
  'accept-encoding' => 'gzip, deflate',
  'accept-language' => 'zh-CN,zh;q=0.8',
  'cookie' => 'bdshare_firstime=1509503438611',
)
[ info ] [ PARAM ] array (
)
[ info ] [ RUN ] app\admin\controller\Product->proadd[ /var/www/html/pluralisticShop/application/admin/controller/Product.php ]
[ info ] [ DB ] INIT mysql
[ info ] [ VIEW ] /var/www/html/pluralisticShop/public/../application/admin/view/product/product-add.html [ array (
  0 => 'categorytitleEr',
) ]
[ info ] [ LOG ] INIT File
[ sql ] [ DB ] CONNECT:[ UseTime:0.000713s ] mysql:host=127.0.0.1;dbname=lastproject;charset=utf8
[ sql ] [ SQL ] SHOW COLUMNS FROM `think_category` [ RunTime:0.001231s ]
[ sql ] [ SQL ] SELECT * FROM `think_category` WHERE  `status` = 1  AND `parent_id` = 0 [ RunTime:0.000452s ]
[ sql ] [ SQL ] SELECT * FROM `think_category` WHERE  `status` = 1  AND `parent_id` = 1 [ RunTime:0.000268s ]
[ sql ] [ SQL ] SELECT * FROM `think_category` WHERE  `status` = 1  AND `parent_id` = 2 [ RunTime:0.000238s ]
[ sql ] [ SQL ] SELECT * FROM `think_category` WHERE  `status` = 1  AND `parent_id` = 3 [ RunTime:0.000213s ]
[ sql ] [ SQL ] SELECT * FROM `think_category` WHERE  `status` = 1  AND `parent_id` = 4 [ RunTime:0.000221s ]
[ sql ] [ SQL ] SELECT * FROM `think_category` WHERE  `status` = 1  AND `parent_id` = 5 [ RunTime:0.000212s ]
[ sql ] [ SQL ] SELECT * FROM `think_category` WHERE  `status` = 1  AND `parent_id` = 6 [ RunTime:0.000224s ]
---------------------------------------------------------------
[ 2017-11-03T08:29:38+08:00 ] 127.0.0.1 127.0.0.1 POST /admin/product/save.html
[ info ] www.pluralisticshop.com/admin/product/save.html [运行时间：0.007932s][吞吐率：126.07req/s] [内存消耗：511.75kb] [文件加载：51]
[ info ] [ LANG ] /var/www/html/pluralisticShop/thinkphp/lang/zh-cn.php
[ info ] [ ROUTE ] array (
  'type' => 'module',
  'module' => 
  array (
    0 => 'admin',
    1 => 'product',
    2 => 'save',
  ),
)
[ info ] [ HEADER ] array (
  'host' => 'www.pluralisticshop.com',
  'connection' => 'keep-alive',
  'content-length' => '1156',
  'cache-control' => 'max-age=0',
  'origin' => 'http://www.pluralisticshop.com',
  'upgrade-insecure-requests' => '1',
  'user-agent' => 'Mozilla/5.0 (X11; Linux x86_64) AppleWebKit/537.36 (KHTML, like Gecko) Chrome/59.0.3071.115 Safari/537.36',
  'content-type' => 'multipart/form-data; boundary=----WebKitFormBoundaryGMkl5rla52qB2X5U',
  'accept' => 'text/html,application/xhtml+xml,application/xml;q=0.9,image/webp,image/apng,*/*;q=0.8',
  'referer' => 'http://www.pluralisticshop.com/admin/product/proadd.html',
  'accept-encoding' => 'gzip, deflate',
  'accept-language' => 'zh-CN,zh;q=0.8',
  'cookie' => 'bdshare_firstime=1509503438611',
)
[ info ] [ PARAM ] array (
  'product_id' => '1001',
  'pinpai' => '',
  'product_title' => '',
  'product_type' => '0',
  'listorder' => '0',
  'price' => '',
  'originalprice' => '',
  'starttime' => '',
  'endtime' => '',
  'stock' => '',
)
[ info ] [ RUN ] app\admin\controller\Product->save[ /var/www/html/pluralisticShop/application/admin/controller/Product.php ]
[ info ] [ VIEW ] /var/www/html/pluralisticShop/thinkphp/tpl/dispatch_jump.tpl [ array (
  0 => 'code',
  1 => 'msg',
  2 => 'data',
  3 => 'url',
  4 => 'wait',
) ]
[ info ] [ LOG ] INIT File
---------------------------------------------------------------
[ 2017-11-03T08:36:51+08:00 ] 127.0.0.1 127.0.0.1 GET /admin/product/prolist.html
[ info ] www.pluralisticshop.com/admin/product/prolist.html [运行时间：0.014661s][吞吐率：68.21req/s] [内存消耗：1,319.84kb] [文件加载：59]
[ info ] [ LANG ] /var/www/html/pluralisticShop/thinkphp/lang/zh-cn.php
[ info ] [ ROUTE ] array (
  'type' => 'module',
  'module' => 
  array (
    0 => 'admin',
    1 => 'product',
    2 => 'prolist',
  ),
)
[ info ] [ HEADER ] array (
  'host' => 'www.pluralisticshop.com',
  'connection' => 'keep-alive',
  'upgrade-insecure-requests' => '1',
  'user-agent' => 'Mozilla/5.0 (X11; Linux x86_64) AppleWebKit/537.36 (KHTML, like Gecko) Chrome/59.0.3071.115 Safari/537.36',
  'accept' => 'text/html,application/xhtml+xml,application/xml;q=0.9,image/webp,image/apng,*/*;q=0.8',
  'referer' => 'http://www.pluralisticshop.com/admin',
  'accept-encoding' => 'gzip, deflate',
  'accept-language' => 'zh-CN,zh;q=0.8',
  'cookie' => 'bdshare_firstime=1509503438611',
)
[ info ] [ PARAM ] array (
)
[ info ] [ RUN ] app\admin\controller\Product->prolist[ /var/www/html/pluralisticShop/application/admin/controller/Product.php ]
[ info ] [ DB ] INIT mysql
[ info ] [ VIEW ] /var/www/html/pluralisticShop/public/../application/admin/view/product/product-list.html [ array (
  0 => 'res',
) ]
[ info ] [ LOG ] INIT File
[ sql ] [ DB ] CONNECT:[ UseTime:0.000869s ] mysql:host=127.0.0.1;dbname=lastproject;charset=utf8
[ sql ] [ SQL ] SHOW COLUMNS FROM `think_product` [ RunTime:0.002296s ]
[ sql ] [ SQL ] SELECT * FROM `think_product` WHERE  `status` >= 0 [ RunTime:0.000632s ]
---------------------------------------------------------------
[ 2017-11-03T08:36:52+08:00 ] 127.0.0.1 127.0.0.1 GET /admin/product/proadd.html
[ info ] www.pluralisticshop.com/admin/product/proadd.html [运行时间：0.018128s][吞吐率：55.16req/s] [内存消耗：761.14kb] [文件加载：59]
[ info ] [ LANG ] /var/www/html/pluralisticShop/thinkphp/lang/zh-cn.php
[ info ] [ ROUTE ] array (
  'type' => 'module',
  'module' => 
  array (
    0 => 'admin',
    1 => 'product',
    2 => 'proadd',
  ),
)
[ info ] [ HEADER ] array (
  'host' => 'www.pluralisticshop.com',
  'connection' => 'keep-alive',
  'upgrade-insecure-requests' => '1',
  'user-agent' => 'Mozilla/5.0 (X11; Linux x86_64) AppleWebKit/537.36 (KHTML, like Gecko) Chrome/59.0.3071.115 Safari/537.36',
  'accept' => 'text/html,application/xhtml+xml,application/xml;q=0.9,image/webp,image/apng,*/*;q=0.8',
  'referer' => 'http://www.pluralisticshop.com/admin/product/prolist.html',
  'accept-encoding' => 'gzip, deflate',
  'accept-language' => 'zh-CN,zh;q=0.8',
  'cookie' => 'bdshare_firstime=1509503438611',
)
[ info ] [ PARAM ] array (
)
[ info ] [ RUN ] app\admin\controller\Product->proadd[ /var/www/html/pluralisticShop/application/admin/controller/Product.php ]
[ info ] [ DB ] INIT mysql
[ info ] [ VIEW ] /var/www/html/pluralisticShop/public/../application/admin/view/product/product-add.html [ array (
  0 => 'categorytitleEr',
) ]
[ info ] [ LOG ] INIT File
[ sql ] [ DB ] CONNECT:[ UseTime:0.003401s ] mysql:host=127.0.0.1;dbname=lastproject;charset=utf8
[ sql ] [ SQL ] SHOW COLUMNS FROM `think_category` [ RunTime:0.000856s ]
[ sql ] [ SQL ] SELECT * FROM `think_category` WHERE  `status` = 1  AND `parent_id` = 0 [ RunTime:0.000287s ]
[ sql ] [ SQL ] SELECT * FROM `think_category` WHERE  `status` = 1  AND `parent_id` = 1 [ RunTime:0.000284s ]
[ sql ] [ SQL ] SELECT * FROM `think_category` WHERE  `status` = 1  AND `parent_id` = 2 [ RunTime:0.000234s ]
[ sql ] [ SQL ] SELECT * FROM `think_category` WHERE  `status` = 1  AND `parent_id` = 3 [ RunTime:0.000255s ]
[ sql ] [ SQL ] SELECT * FROM `think_category` WHERE  `status` = 1  AND `parent_id` = 4 [ RunTime:0.000235s ]
[ sql ] [ SQL ] SELECT * FROM `think_category` WHERE  `status` = 1  AND `parent_id` = 5 [ RunTime:0.000227s ]
[ sql ] [ SQL ] SELECT * FROM `think_category` WHERE  `status` = 1  AND `parent_id` = 6 [ RunTime:0.000275s ]
---------------------------------------------------------------
[ 2017-11-03T08:36:57+08:00 ] 127.0.0.1 127.0.0.1 POST /admin/product/save.html
[ info ] www.pluralisticshop.com/admin/product/save.html [运行时间：0.016765s][吞吐率：59.65req/s] [内存消耗：669.46kb] [文件加载：62]
[ info ] [ LANG ] /var/www/html/pluralisticShop/thinkphp/lang/zh-cn.php
[ info ] [ ROUTE ] array (
  'type' => 'module',
  'module' => 
  array (
    0 => 'admin',
    1 => 'product',
    2 => 'save',
  ),
)
[ info ] [ HEADER ] array (
  'host' => 'www.pluralisticshop.com',
  'connection' => 'keep-alive',
  'content-length' => '1156',
  'cache-control' => 'max-age=0',
  'origin' => 'http://www.pluralisticshop.com',
  'upgrade-insecure-requests' => '1',
  'user-agent' => 'Mozilla/5.0 (X11; Linux x86_64) AppleWebKit/537.36 (KHTML, like Gecko) Chrome/59.0.3071.115 Safari/537.36',
  'content-type' => 'multipart/form-data; boundary=----WebKitFormBoundary8Hpsy2ATT91pPJHL',
  'accept' => 'text/html,application/xhtml+xml,application/xml;q=0.9,image/webp,image/apng,*/*;q=0.8',
  'referer' => 'http://www.pluralisticshop.com/admin/product/proadd.html',
  'accept-encoding' => 'gzip, deflate',
  'accept-language' => 'zh-CN,zh;q=0.8',
  'cookie' => 'bdshare_firstime=1509503438611',
)
[ info ] [ PARAM ] array (
  'product_id' => '1001',
  'pinpai' => '',
  'product_title' => '',
  'product_type' => '0',
  'listorder' => '0',
  'price' => '',
  'originalprice' => '',
  'starttime' => '',
  'endtime' => '',
  'stock' => '',
)
[ info ] [ RUN ] app\admin\controller\Product->save[ /var/www/html/pluralisticShop/application/admin/controller/Product.php ]
[ info ] [ DB ] INIT mysql
[ info ] [ LOG ] INIT File
[ sql ] [ DB ] CONNECT:[ UseTime:0.000943s ] mysql:host=127.0.0.1;dbname=lastproject;charset=utf8
[ error ] [10501]SQLSTATE[42S02]: Base table or view not found: 1146 Table 'lastproject.think_' doesn't exist[/var/www/html/pluralisticShop/thinkphp/library/think/db/Connection.php:388]
---------------------------------------------------------------
[ 2017-11-03T08:37:25+08:00 ] 127.0.0.1 127.0.0.1 GET /admin/product/prolist.html
[ info ] www.pluralisticshop.com/admin/product/prolist.html [运行时间：0.014018s][吞吐率：71.34req/s] [内存消耗：1,319.84kb] [文件加载：59]
[ info ] [ LANG ] /var/www/html/pluralisticShop/thinkphp/lang/zh-cn.php
[ info ] [ ROUTE ] array (
  'type' => 'module',
  'module' => 
  array (
    0 => 'admin',
    1 => 'product',
    2 => 'prolist',
  ),
)
[ info ] [ HEADER ] array (
  'host' => 'www.pluralisticshop.com',
  'connection' => 'keep-alive',
  'upgrade-insecure-requests' => '1',
  'user-agent' => 'Mozilla/5.0 (X11; Linux x86_64) AppleWebKit/537.36 (KHTML, like Gecko) Chrome/59.0.3071.115 Safari/537.36',
  'accept' => 'text/html,application/xhtml+xml,application/xml;q=0.9,image/webp,image/apng,*/*;q=0.8',
  'referer' => 'http://www.pluralisticshop.com/admin',
  'accept-encoding' => 'gzip, deflate',
  'accept-language' => 'zh-CN,zh;q=0.8',
  'cookie' => 'bdshare_firstime=1509503438611',
)
[ info ] [ PARAM ] array (
)
[ info ] [ RUN ] app\admin\controller\Product->prolist[ /var/www/html/pluralisticShop/application/admin/controller/Product.php ]
[ info ] [ DB ] INIT mysql
[ info ] [ VIEW ] /var/www/html/pluralisticShop/public/../application/admin/view/product/product-list.html [ array (
  0 => 'res',
) ]
[ info ] [ LOG ] INIT File
[ sql ] [ DB ] CONNECT:[ UseTime:0.000843s ] mysql:host=127.0.0.1;dbname=lastproject;charset=utf8
[ sql ] [ SQL ] SHOW COLUMNS FROM `think_product` [ RunTime:0.001711s ]
[ sql ] [ SQL ] SELECT * FROM `think_product` WHERE  `status` >= 0 [ RunTime:0.000543s ]
---------------------------------------------------------------
[ 2017-11-03T08:37:27+08:00 ] 127.0.0.1 127.0.0.1 GET /admin/product/proadd.html
[ info ] www.pluralisticshop.com/admin/product/proadd.html [运行时间：0.029000s][吞吐率：34.48req/s] [内存消耗：761.14kb] [文件加载：59]
[ info ] [ LANG ] /var/www/html/pluralisticShop/thinkphp/lang/zh-cn.php
[ info ] [ ROUTE ] array (
  'type' => 'module',
  'module' => 
  array (
    0 => 'admin',
    1 => 'product',
    2 => 'proadd',
  ),
)
[ info ] [ HEADER ] array (
  'host' => 'www.pluralisticshop.com',
  'connection' => 'keep-alive',
  'upgrade-insecure-requests' => '1',
  'user-agent' => 'Mozilla/5.0 (X11; Linux x86_64) AppleWebKit/537.36 (KHTML, like Gecko) Chrome/59.0.3071.115 Safari/537.36',
  'accept' => 'text/html,application/xhtml+xml,application/xml;q=0.9,image/webp,image/apng,*/*;q=0.8',
  'referer' => 'http://www.pluralisticshop.com/admin/product/prolist.html',
  'accept-encoding' => 'gzip, deflate',
  'accept-language' => 'zh-CN,zh;q=0.8',
  'cookie' => 'bdshare_firstime=1509503438611',
)
[ info ] [ PARAM ] array (
)
[ info ] [ RUN ] app\admin\controller\Product->proadd[ /var/www/html/pluralisticShop/application/admin/controller/Product.php ]
[ info ] [ DB ] INIT mysql
[ info ] [ VIEW ] /var/www/html/pluralisticShop/public/../application/admin/view/product/product-add.html [ array (
  0 => 'categorytitleEr',
) ]
[ info ] [ LOG ] INIT File
[ sql ] [ DB ] CONNECT:[ UseTime:0.000871s ] mysql:host=127.0.0.1;dbname=lastproject;charset=utf8
[ sql ] [ SQL ] SHOW COLUMNS FROM `think_category` [ RunTime:0.002479s ]
[ sql ] [ SQL ] SELECT * FROM `think_category` WHERE  `status` = 1  AND `parent_id` = 0 [ RunTime:0.001055s ]
[ sql ] [ SQL ] SELECT * FROM `think_category` WHERE  `status` = 1  AND `parent_id` = 1 [ RunTime:0.000785s ]
[ sql ] [ SQL ] SELECT * FROM `think_category` WHERE  `status` = 1  AND `parent_id` = 2 [ RunTime:0.000381s ]
[ sql ] [ SQL ] SELECT * FROM `think_category` WHERE  `status` = 1  AND `parent_id` = 3 [ RunTime:0.000356s ]
[ sql ] [ SQL ] SELECT * FROM `think_category` WHERE  `status` = 1  AND `parent_id` = 4 [ RunTime:0.000374s ]
[ sql ] [ SQL ] SELECT * FROM `think_category` WHERE  `status` = 1  AND `parent_id` = 5 [ RunTime:0.000335s ]
[ sql ] [ SQL ] SELECT * FROM `think_category` WHERE  `status` = 1  AND `parent_id` = 6 [ RunTime:0.000524s ]
---------------------------------------------------------------
[ 2017-11-03T08:37:31+08:00 ] 127.0.0.1 127.0.0.1 POST /admin/product/save.html
[ info ] www.pluralisticshop.com/admin/product/save.html [运行时间：0.006685s][吞吐率：149.59req/s] [内存消耗：509.10kb] [文件加载：51]
[ info ] [ LANG ] /var/www/html/pluralisticShop/thinkphp/lang/zh-cn.php
[ info ] [ ROUTE ] array (
  'type' => 'module',
  'module' => 
  array (
    0 => 'admin',
    1 => 'product',
    2 => 'save',
  ),
)
[ info ] [ HEADER ] array (
  'host' => 'www.pluralisticshop.com',
  'connection' => 'keep-alive',
  'content-length' => '1156',
  'cache-control' => 'max-age=0',
  'origin' => 'http://www.pluralisticshop.com',
  'upgrade-insecure-requests' => '1',
  'user-agent' => 'Mozilla/5.0 (X11; Linux x86_64) AppleWebKit/537.36 (KHTML, like Gecko) Chrome/59.0.3071.115 Safari/537.36',
  'content-type' => 'multipart/form-data; boundary=----WebKitFormBoundary9n0yXmhmpButtThO',
  'accept' => 'text/html,application/xhtml+xml,application/xml;q=0.9,image/webp,image/apng,*/*;q=0.8',
  'referer' => 'http://www.pluralisticshop.com/admin/product/proadd.html',
  'accept-encoding' => 'gzip, deflate',
  'accept-language' => 'zh-CN,zh;q=0.8',
  'cookie' => 'bdshare_firstime=1509503438611',
)
[ info ] [ PARAM ] array (
  'product_id' => '1001',
  'pinpai' => '',
  'product_title' => '',
  'product_type' => '0',
  'listorder' => '0',
  'price' => '',
  'originalprice' => '',
  'starttime' => '',
  'endtime' => '',
  'stock' => '',
)
[ info ] [ RUN ] app\admin\controller\Product->save[ /var/www/html/pluralisticShop/application/admin/controller/Product.php ]
[ info ] [ VIEW ] /var/www/html/pluralisticShop/thinkphp/tpl/dispatch_jump.tpl [ array (
  0 => 'code',
  1 => 'msg',
  2 => 'data',
  3 => 'url',
  4 => 'wait',
) ]
[ info ] [ LOG ] INIT File
---------------------------------------------------------------
[ 2017-11-03T08:39:12+08:00 ] 127.0.0.1 127.0.0.1 GET /admin/product/prolist.html
[ info ] www.pluralisticshop.com/admin/product/prolist.html [运行时间：0.014665s][吞吐率：68.19req/s] [内存消耗：1,319.84kb] [文件加载：59]
[ info ] [ LANG ] /var/www/html/pluralisticShop/thinkphp/lang/zh-cn.php
[ info ] [ ROUTE ] array (
  'type' => 'module',
  'module' => 
  array (
    0 => 'admin',
    1 => 'product',
    2 => 'prolist',
  ),
)
[ info ] [ HEADER ] array (
  'host' => 'www.pluralisticshop.com',
  'connection' => 'keep-alive',
  'upgrade-insecure-requests' => '1',
  'user-agent' => 'Mozilla/5.0 (X11; Linux x86_64) AppleWebKit/537.36 (KHTML, like Gecko) Chrome/59.0.3071.115 Safari/537.36',
  'accept' => 'text/html,application/xhtml+xml,application/xml;q=0.9,image/webp,image/apng,*/*;q=0.8',
  'referer' => 'http://www.pluralisticshop.com/admin',
  'accept-encoding' => 'gzip, deflate',
  'accept-language' => 'zh-CN,zh;q=0.8',
  'cookie' => 'bdshare_firstime=1509503438611',
)
[ info ] [ PARAM ] array (
)
[ info ] [ RUN ] app\admin\controller\Product->prolist[ /var/www/html/pluralisticShop/application/admin/controller/Product.php ]
[ info ] [ DB ] INIT mysql
[ info ] [ VIEW ] /var/www/html/pluralisticShop/public/../application/admin/view/product/product-list.html [ array (
  0 => 'res',
) ]
[ info ] [ LOG ] INIT File
[ sql ] [ DB ] CONNECT:[ UseTime:0.001592s ] mysql:host=127.0.0.1;dbname=lastproject;charset=utf8
[ sql ] [ SQL ] SHOW COLUMNS FROM `think_product` [ RunTime:0.002037s ]
[ sql ] [ SQL ] SELECT * FROM `think_product` WHERE  `status` >= 0 [ RunTime:0.000502s ]
---------------------------------------------------------------
[ 2017-11-03T08:41:06+08:00 ] 127.0.0.1 127.0.0.1 GET /admin/product/prolist.html
[ info ] www.pluralisticshop.com/admin/product/prolist.html [运行时间：0.026842s][吞吐率：37.26req/s] [内存消耗：1,388.13kb] [文件加载：61]
[ info ] [ LANG ] /var/www/html/pluralisticShop/thinkphp/lang/zh-cn.php
[ info ] [ ROUTE ] array (
  'type' => 'module',
  'module' => 
  array (
    0 => 'admin',
    1 => 'product',
    2 => 'prolist',
  ),
)
[ info ] [ HEADER ] array (
  'host' => 'www.pluralisticshop.com',
  'connection' => 'keep-alive',
  'upgrade-insecure-requests' => '1',
  'user-agent' => 'Mozilla/5.0 (X11; Linux x86_64) AppleWebKit/537.36 (KHTML, like Gecko) Chrome/59.0.3071.115 Safari/537.36',
  'accept' => 'text/html,application/xhtml+xml,application/xml;q=0.9,image/webp,image/apng,*/*;q=0.8',
  'referer' => 'http://www.pluralisticshop.com/admin',
  'accept-encoding' => 'gzip, deflate',
  'accept-language' => 'zh-CN,zh;q=0.8',
  'cookie' => 'bdshare_firstime=1509503438611',
)
[ info ] [ PARAM ] array (
)
[ info ] [ RUN ] app\admin\controller\Product->prolist[ /var/www/html/pluralisticShop/application/admin/controller/Product.php ]
[ info ] [ DB ] INIT mysql
[ info ] [ VIEW ] /var/www/html/pluralisticShop/public/../application/admin/view/product/product-list.html [ array (
  0 => 'res',
) ]
[ info ] [ LOG ] INIT File
[ sql ] [ DB ] CONNECT:[ UseTime:0.001040s ] mysql:host=127.0.0.1;dbname=lastproject;charset=utf8
[ sql ] [ SQL ] SHOW COLUMNS FROM `think_product` [ RunTime:0.002428s ]
[ sql ] [ SQL ] SELECT * FROM `think_product` WHERE  `status` >= 0 [ RunTime:0.000643s ]
---------------------------------------------------------------
[ 2017-11-03T08:49:24+08:00 ] 127.0.0.1 127.0.0.1 GET /admin/product/prolist.html
[ info ] www.pluralisticshop.com/admin/product/prolist.html [运行时间：0.017787s][吞吐率：56.22req/s] [内存消耗：1,388.29kb] [文件加载：61]
[ info ] [ LANG ] /var/www/html/pluralisticShop/thinkphp/lang/zh-cn.php
[ info ] [ ROUTE ] array (
  'type' => 'module',
  'module' => 
  array (
    0 => 'admin',
    1 => 'product',
    2 => 'prolist',
  ),
)
[ info ] [ HEADER ] array (
  'host' => 'www.pluralisticshop.com',
  'connection' => 'keep-alive',
  'upgrade-insecure-requests' => '1',
  'user-agent' => 'Mozilla/5.0 (X11; Linux x86_64) AppleWebKit/537.36 (KHTML, like Gecko) Chrome/59.0.3071.115 Safari/537.36',
  'accept' => 'text/html,application/xhtml+xml,application/xml;q=0.9,image/webp,image/apng,*/*;q=0.8',
  'referer' => 'http://www.pluralisticshop.com/admin',
  'accept-encoding' => 'gzip, deflate',
  'accept-language' => 'zh-CN,zh;q=0.8',
  'cookie' => 'bdshare_firstime=1509503438611',
)
[ info ] [ PARAM ] array (
)
[ info ] [ RUN ] app\admin\controller\Product->prolist[ /var/www/html/pluralisticShop/application/admin/controller/Product.php ]
[ info ] [ DB ] INIT mysql
[ info ] [ VIEW ] /var/www/html/pluralisticShop/public/../application/admin/view/product/product-list.html [ array (
  0 => 'res',
) ]
[ info ] [ LOG ] INIT File
[ sql ] [ DB ] CONNECT:[ UseTime:0.001066s ] mysql:host=127.0.0.1;dbname=lastproject;charset=utf8
[ sql ] [ SQL ] SHOW COLUMNS FROM `think_product` [ RunTime:0.001506s ]
[ sql ] [ SQL ] SELECT * FROM `think_product` WHERE  `status` >= 0 [ RunTime:0.000671s ]
---------------------------------------------------------------
[ 2017-11-03T08:49:45+08:00 ] 127.0.0.1 127.0.0.1 GET /admin/category/index.html
[ info ] www.pluralisticshop.com/admin/category/index.html [运行时间：0.026872s][吞吐率：37.21req/s] [内存消耗：796.00kb] [文件加载：62]
[ info ] [ LANG ] /var/www/html/pluralisticShop/thinkphp/lang/zh-cn.php
[ info ] [ ROUTE ] array (
  'type' => 'module',
  'module' => 
  array (
    0 => 'admin',
    1 => 'category',
    2 => 'index',
  ),
)
[ info ] [ HEADER ] array (
  'host' => 'www.pluralisticshop.com',
  'connection' => 'keep-alive',
  'upgrade-insecure-requests' => '1',
  'user-agent' => 'Mozilla/5.0 (X11; Linux x86_64) AppleWebKit/537.36 (KHTML, like Gecko) Chrome/59.0.3071.115 Safari/537.36',
  'accept' => 'text/html,application/xhtml+xml,application/xml;q=0.9,image/webp,image/apng,*/*;q=0.8',
  'referer' => 'http://www.pluralisticshop.com/admin',
  'accept-encoding' => 'gzip, deflate',
  'accept-language' => 'zh-CN,zh;q=0.8',
  'cookie' => 'bdshare_firstime=1509503438611',
)
[ info ] [ PARAM ] array (
)
[ info ] [ RUN ] app\admin\controller\Category->index[ /var/www/html/pluralisticShop/application/admin/controller/Category.php ]
[ info ] [ DB ] INIT mysql
[ info ] [ VIEW ] /var/www/html/pluralisticShop/public/../application/admin/view/category/category-list.html [ array (
  0 => 'status',
  1 => 'categorys',
) ]
[ info ] [ LOG ] INIT File
[ sql ] [ DB ] CONNECT:[ UseTime:0.000579s ] mysql:host=127.0.0.1;dbname=lastproject;charset=utf8
[ sql ] [ SQL ] SHOW COLUMNS FROM `think_category` [ RunTime:0.001710s ]
[ sql ] [ SQL ] SELECT COUNT(*) AS tp_count FROM `think_category` WHERE  `parent_id` = 0  AND `status` <> -1 LIMIT 1 [ RunTime:0.000631s ]
[ sql ] [ SQL ] SELECT * FROM `think_category` WHERE  `parent_id` = 0  AND `status` <> -1 ORDER BY `listorder`  desc,`id`  desc LIMIT 0,15 [ RunTime:0.000591s ]
---------------------------------------------------------------
[ 2017-11-03T08:50:43+08:00 ] 127.0.0.1 127.0.0.1 GET /admin/product/prolist.html
[ info ] www.pluralisticshop.com/admin/product/prolist.html [运行时间：0.011797s][吞吐率：84.77req/s] [内存消耗：1,386.95kb] [文件加载：61]
[ info ] [ LANG ] /var/www/html/pluralisticShop/thinkphp/lang/zh-cn.php
[ info ] [ ROUTE ] array (
  'type' => 'module',
  'module' => 
  array (
    0 => 'admin',
    1 => 'product',
    2 => 'prolist',
  ),
)
[ info ] [ HEADER ] array (
  'host' => 'www.pluralisticshop.com',
  'connection' => 'keep-alive',
  'upgrade-insecure-requests' => '1',
  'user-agent' => 'Mozilla/5.0 (X11; Linux x86_64) AppleWebKit/537.36 (KHTML, like Gecko) Chrome/59.0.3071.115 Safari/537.36',
  'accept' => 'text/html,application/xhtml+xml,application/xml;q=0.9,image/webp,image/apng,*/*;q=0.8',
  'referer' => 'http://www.pluralisticshop.com/admin',
  'accept-encoding' => 'gzip, deflate',
  'accept-language' => 'zh-CN,zh;q=0.8',
  'cookie' => 'bdshare_firstime=1509503438611',
)
[ info ] [ PARAM ] array (
)
[ info ] [ RUN ] app\admin\controller\Product->prolist[ /var/www/html/pluralisticShop/application/admin/controller/Product.php ]
[ info ] [ DB ] INIT mysql
[ info ] [ VIEW ] /var/www/html/pluralisticShop/public/../application/admin/view/product/product-list.html [ array (
  0 => 'res',
) ]
[ info ] [ LOG ] INIT File
[ sql ] [ DB ] CONNECT:[ UseTime:0.000698s ] mysql:host=127.0.0.1;dbname=lastproject;charset=utf8
[ sql ] [ SQL ] SHOW COLUMNS FROM `think_product` [ RunTime:0.001113s ]
[ sql ] [ SQL ] SELECT * FROM `think_product` WHERE  `status` >= 0 [ RunTime:0.000588s ]
---------------------------------------------------------------
[ 2017-11-03T08:51:01+08:00 ] 127.0.0.1 127.0.0.1 GET /admin/product/prolist.html
[ info ] www.pluralisticshop.com/admin/product/prolist.html [运行时间：0.016454s][吞吐率：60.78req/s] [内存消耗：1,386.98kb] [文件加载：61]
[ info ] [ LANG ] /var/www/html/pluralisticShop/thinkphp/lang/zh-cn.php
[ info ] [ ROUTE ] array (
  'type' => 'module',
  'module' => 
  array (
    0 => 'admin',
    1 => 'product',
    2 => 'prolist',
  ),
)
[ info ] [ HEADER ] array (
  'host' => 'www.pluralisticshop.com',
  'connection' => 'keep-alive',
  'upgrade-insecure-requests' => '1',
  'user-agent' => 'Mozilla/5.0 (X11; Linux x86_64) AppleWebKit/537.36 (KHTML, like Gecko) Chrome/59.0.3071.115 Safari/537.36',
  'accept' => 'text/html,application/xhtml+xml,application/xml;q=0.9,image/webp,image/apng,*/*;q=0.8',
  'referer' => 'http://www.pluralisticshop.com/admin',
  'accept-encoding' => 'gzip, deflate',
  'accept-language' => 'zh-CN,zh;q=0.8',
  'cookie' => 'bdshare_firstime=1509503438611',
)
[ info ] [ PARAM ] array (
)
[ info ] [ RUN ] app\admin\controller\Product->prolist[ /var/www/html/pluralisticShop/application/admin/controller/Product.php ]
[ info ] [ DB ] INIT mysql
[ info ] [ VIEW ] /var/www/html/pluralisticShop/public/../application/admin/view/product/product-list.html [ array (
  0 => 'res',
) ]
[ info ] [ LOG ] INIT File
[ sql ] [ DB ] CONNECT:[ UseTime:0.000734s ] mysql:host=127.0.0.1;dbname=lastproject;charset=utf8
[ sql ] [ SQL ] SHOW COLUMNS FROM `think_product` [ RunTime:0.001948s ]
[ sql ] [ SQL ] SELECT * FROM `think_product` WHERE  `status` >= 0 [ RunTime:0.000689s ]
---------------------------------------------------------------
[ 2017-11-03T08:51:17+08:00 ] 127.0.0.1 127.0.0.1 GET /admin/product/addspec.html?product_id=1001
[ info ] www.pluralisticshop.com/admin/product/addspec.html?product_id=1001 [运行时间：0.012492s][吞吐率：80.05req/s] [内存消耗：536.80kb] [文件加载：56]
[ info ] [ LANG ] /var/www/html/pluralisticShop/thinkphp/lang/zh-cn.php
[ info ] [ ROUTE ] array (
  'type' => 'module',
  'module' => 
  array (
    0 => 'admin',
    1 => 'product',
    2 => 'addspec',
  ),
)
[ info ] [ HEADER ] array (
  'host' => 'www.pluralisticshop.com',
  'connection' => 'keep-alive',
  'upgrade-insecure-requests' => '1',
  'user-agent' => 'Mozilla/5.0 (X11; Linux x86_64) AppleWebKit/537.36 (KHTML, like Gecko) Chrome/59.0.3071.115 Safari/537.36',
  'accept' => 'text/html,application/xhtml+xml,application/xml;q=0.9,image/webp,image/apng,*/*;q=0.8',
  'referer' => 'http://www.pluralisticshop.com/admin/product/prolist.html',
  'accept-encoding' => 'gzip, deflate',
  'accept-language' => 'zh-CN,zh;q=0.8',
  'cookie' => 'bdshare_firstime=1509503438611',
)
[ info ] [ PARAM ] array (
  'product_id' => '1001',
)
[ info ] [ RUN ] app\admin\controller\Product->addSpec[ /var/www/html/pluralisticShop/application/admin/controller/Product.php ]
[ info ] [ VIEW ] /var/www/html/pluralisticShop/public/../application/admin/view/product/product-addspec.html [ array (
) ]
[ info ] [ LOG ] INIT File
[ error ] [8]未定义变量: categorytitleEr[/var/www/html/pluralisticShop/runtime/temp/b6b62f2910f544cd7fedcff751f8ed7a.php:60]
---------------------------------------------------------------
[ 2017-11-03T08:51:55+08:00 ] 127.0.0.1 127.0.0.1 GET /admin/product/prolist.html
[ info ] www.pluralisticshop.com/admin/product/prolist.html [运行时间：0.018362s][吞吐率：54.46req/s] [内存消耗：1,322.59kb] [文件加载：59]
[ info ] [ LANG ] /var/www/html/pluralisticShop/thinkphp/lang/zh-cn.php
[ info ] [ ROUTE ] array (
  'type' => 'module',
  'module' => 
  array (
    0 => 'admin',
    1 => 'product',
    2 => 'prolist',
  ),
)
[ info ] [ HEADER ] array (
  'host' => 'www.pluralisticshop.com',
  'connection' => 'keep-alive',
  'upgrade-insecure-requests' => '1',
  'user-agent' => 'Mozilla/5.0 (X11; Linux x86_64) AppleWebKit/537.36 (KHTML, like Gecko) Chrome/59.0.3071.115 Safari/537.36',
  'accept' => 'text/html,application/xhtml+xml,application/xml;q=0.9,image/webp,image/apng,*/*;q=0.8',
  'referer' => 'http://www.pluralisticshop.com/admin',
  'accept-encoding' => 'gzip, deflate',
  'accept-language' => 'zh-CN,zh;q=0.8',
  'cookie' => 'bdshare_firstime=1509503438611',
)
[ info ] [ PARAM ] array (
)
[ info ] [ RUN ] app\admin\controller\Product->prolist[ /var/www/html/pluralisticShop/application/admin/controller/Product.php ]
[ info ] [ DB ] INIT mysql
[ info ] [ VIEW ] /var/www/html/pluralisticShop/public/../application/admin/view/product/product-list.html [ array (
  0 => 'res',
) ]
[ info ] [ LOG ] INIT File
[ sql ] [ DB ] CONNECT:[ UseTime:0.003746s ] mysql:host=127.0.0.1;dbname=lastproject;charset=utf8
[ sql ] [ SQL ] SHOW COLUMNS FROM `think_product` [ RunTime:0.002032s ]
[ sql ] [ SQL ] SELECT * FROM `think_product` WHERE  `status` >= 0 [ RunTime:0.000694s ]
---------------------------------------------------------------
[ 2017-11-03T08:51:56+08:00 ] 127.0.0.1 127.0.0.1 GET /admin/product/addspec.html?product_id=1001
[ info ] www.pluralisticshop.com/admin/product/addspec.html?product_id=1001 [运行时间：0.013336s][吞吐率：74.99req/s] [内存消耗：535.20kb] [文件加载：56]
[ info ] [ LANG ] /var/www/html/pluralisticShop/thinkphp/lang/zh-cn.php
[ info ] [ ROUTE ] array (
  'type' => 'module',
  'module' => 
  array (
    0 => 'admin',
    1 => 'product',
    2 => 'addspec',
  ),
)
[ info ] [ HEADER ] array (
  'host' => 'www.pluralisticshop.com',
  'connection' => 'keep-alive',
  'upgrade-insecure-requests' => '1',
  'user-agent' => 'Mozilla/5.0 (X11; Linux x86_64) AppleWebKit/537.36 (KHTML, like Gecko) Chrome/59.0.3071.115 Safari/537.36',
  'accept' => 'text/html,application/xhtml+xml,application/xml;q=0.9,image/webp,image/apng,*/*;q=0.8',
  'referer' => 'http://www.pluralisticshop.com/admin/product/prolist.html',
  'accept-encoding' => 'gzip, deflate',
  'accept-language' => 'zh-CN,zh;q=0.8',
  'cookie' => 'bdshare_firstime=1509503438611',
)
[ info ] [ PARAM ] array (
  'product_id' => '1001',
)
[ info ] [ RUN ] app\admin\controller\Product->addSpec[ /var/www/html/pluralisticShop/application/admin/controller/Product.php ]
[ info ] [ VIEW ] /var/www/html/pluralisticShop/public/../application/admin/view/product/product-addspec.html [ array (
) ]
[ info ] [ LOG ] INIT File
[ error ] [8]未定义变量: vo[/var/www/html/pluralisticShop/runtime/temp/b6b62f2910f544cd7fedcff751f8ed7a.php:61]
---------------------------------------------------------------
[ 2017-11-03T08:52:09+08:00 ] 127.0.0.1 127.0.0.1 GET /admin/product/prolist.html
[ info ] www.pluralisticshop.com/admin/product/prolist.html [运行时间：0.021335s][吞吐率：46.87req/s] [内存消耗：1,320.19kb] [文件加载：59]
[ info ] [ LANG ] /var/www/html/pluralisticShop/thinkphp/lang/zh-cn.php
[ info ] [ ROUTE ] array (
  'type' => 'module',
  'module' => 
  array (
    0 => 'admin',
    1 => 'product',
    2 => 'prolist',
  ),
)
[ info ] [ HEADER ] array (
  'host' => 'www.pluralisticshop.com',
  'connection' => 'keep-alive',
  'upgrade-insecure-requests' => '1',
  'user-agent' => 'Mozilla/5.0 (X11; Linux x86_64) AppleWebKit/537.36 (KHTML, like Gecko) Chrome/59.0.3071.115 Safari/537.36',
  'accept' => 'text/html,application/xhtml+xml,application/xml;q=0.9,image/webp,image/apng,*/*;q=0.8',
  'referer' => 'http://www.pluralisticshop.com/admin',
  'accept-encoding' => 'gzip, deflate',
  'accept-language' => 'zh-CN,zh;q=0.8',
  'cookie' => 'bdshare_firstime=1509503438611',
)
[ info ] [ PARAM ] array (
)
[ info ] [ RUN ] app\admin\controller\Product->prolist[ /var/www/html/pluralisticShop/application/admin/controller/Product.php ]
[ info ] [ DB ] INIT mysql
[ info ] [ VIEW ] /var/www/html/pluralisticShop/public/../application/admin/view/product/product-list.html [ array (
  0 => 'res',
) ]
[ info ] [ LOG ] INIT File
[ sql ] [ DB ] CONNECT:[ UseTime:0.003091s ] mysql:host=127.0.0.1;dbname=lastproject;charset=utf8
[ sql ] [ SQL ] SHOW COLUMNS FROM `think_product` [ RunTime:0.001423s ]
[ sql ] [ SQL ] SELECT * FROM `think_product` WHERE  `status` >= 0 [ RunTime:0.000454s ]
---------------------------------------------------------------
[ 2017-11-03T08:52:12+08:00 ] 127.0.0.1 127.0.0.1 GET /admin/product/addspec.html?product_id=1001
[ info ] www.pluralisticshop.com/admin/product/addspec.html?product_id=1001 [运行时间：0.008399s][吞吐率：119.07req/s] [内存消耗：528.16kb] [文件加载：52]
[ info ] [ LANG ] /var/www/html/pluralisticShop/thinkphp/lang/zh-cn.php
[ info ] [ ROUTE ] array (
  'type' => 'module',
  'module' => 
  array (
    0 => 'admin',
    1 => 'product',
    2 => 'addspec',
  ),
)
[ info ] [ HEADER ] array (
  'host' => 'www.pluralisticshop.com',
  'connection' => 'keep-alive',
  'upgrade-insecure-requests' => '1',
  'user-agent' => 'Mozilla/5.0 (X11; Linux x86_64) AppleWebKit/537.36 (KHTML, like Gecko) Chrome/59.0.3071.115 Safari/537.36',
  'accept' => 'text/html,application/xhtml+xml,application/xml;q=0.9,image/webp,image/apng,*/*;q=0.8',
  'referer' => 'http://www.pluralisticshop.com/admin/product/prolist.html',
  'accept-encoding' => 'gzip, deflate',
  'accept-language' => 'zh-CN,zh;q=0.8',
  'cookie' => 'bdshare_firstime=1509503438611',
)
[ info ] [ PARAM ] array (
  'product_id' => '1001',
)
[ info ] [ RUN ] app\admin\controller\Product->addSpec[ /var/www/html/pluralisticShop/application/admin/controller/Product.php ]
[ info ] [ VIEW ] /var/www/html/pluralisticShop/public/../application/admin/view/product/product-addspec.html [ array (
) ]
[ info ] [ LOG ] INIT File
---------------------------------------------------------------
[ 2017-11-03T09:17:50+08:00 ] 127.0.0.1 127.0.0.1 GET /admin/product/prolist.html
[ info ] www.pluralisticshop.com/admin/product/prolist.html [运行时间：0.009760s][吞吐率：102.46req/s] [内存消耗：1,320.19kb] [文件加载：59]
[ info ] [ LANG ] /var/www/html/pluralisticShop/thinkphp/lang/zh-cn.php
[ info ] [ ROUTE ] array (
  'type' => 'module',
  'module' => 
  array (
    0 => 'admin',
    1 => 'product',
    2 => 'prolist',
  ),
)
[ info ] [ HEADER ] array (
  'host' => 'www.pluralisticshop.com',
  'connection' => 'keep-alive',
  'upgrade-insecure-requests' => '1',
  'user-agent' => 'Mozilla/5.0 (X11; Linux x86_64) AppleWebKit/537.36 (KHTML, like Gecko) Chrome/59.0.3071.115 Safari/537.36',
  'accept' => 'text/html,application/xhtml+xml,application/xml;q=0.9,image/webp,image/apng,*/*;q=0.8',
  'referer' => 'http://www.pluralisticshop.com/admin',
  'accept-encoding' => 'gzip, deflate',
  'accept-language' => 'zh-CN,zh;q=0.8',
  'cookie' => 'bdshare_firstime=1509503438611',
)
[ info ] [ PARAM ] array (
)
[ info ] [ RUN ] app\admin\controller\Product->prolist[ /var/www/html/pluralisticShop/application/admin/controller/Product.php ]
[ info ] [ DB ] INIT mysql
[ info ] [ VIEW ] /var/www/html/pluralisticShop/public/../application/admin/view/product/product-list.html [ array (
  0 => 'res',
) ]
[ info ] [ LOG ] INIT File
[ sql ] [ DB ] CONNECT:[ UseTime:0.000956s ] mysql:host=127.0.0.1;dbname=lastproject;charset=utf8
[ sql ] [ SQL ] SHOW COLUMNS FROM `think_product` [ RunTime:0.001299s ]
[ sql ] [ SQL ] SELECT * FROM `think_product` WHERE  `status` >= 0 [ RunTime:0.000814s ]
---------------------------------------------------------------
[ 2017-11-03T09:17:51+08:00 ] 127.0.0.1 127.0.0.1 GET /admin/product/addspec.html?product_id=1001
[ info ] www.pluralisticshop.com/admin/product/addspec.html?product_id=1001 [运行时间：0.008646s][吞吐率：115.66req/s] [内存消耗：523.17kb] [文件加载：52]
[ info ] [ LANG ] /var/www/html/pluralisticShop/thinkphp/lang/zh-cn.php
[ info ] [ ROUTE ] array (
  'type' => 'module',
  'module' => 
  array (
    0 => 'admin',
    1 => 'product',
    2 => 'addspec',
  ),
)
[ info ] [ HEADER ] array (
  'host' => 'www.pluralisticshop.com',
  'connection' => 'keep-alive',
  'upgrade-insecure-requests' => '1',
  'user-agent' => 'Mozilla/5.0 (X11; Linux x86_64) AppleWebKit/537.36 (KHTML, like Gecko) Chrome/59.0.3071.115 Safari/537.36',
  'accept' => 'text/html,application/xhtml+xml,application/xml;q=0.9,image/webp,image/apng,*/*;q=0.8',
  'referer' => 'http://www.pluralisticshop.com/admin/product/prolist.html',
  'accept-encoding' => 'gzip, deflate',
  'accept-language' => 'zh-CN,zh;q=0.8',
  'cookie' => 'bdshare_firstime=1509503438611',
)
[ info ] [ PARAM ] array (
  'product_id' => '1001',
)
[ info ] [ RUN ] app\admin\controller\Product->addSpec[ /var/www/html/pluralisticShop/application/admin/controller/Product.php ]
[ info ] [ VIEW ] /var/www/html/pluralisticShop/public/../application/admin/view/product/product-addspec.html [ array (
) ]
[ info ] [ LOG ] INIT File
---------------------------------------------------------------
[ 2017-11-03T09:18:01+08:00 ] 127.0.0.1 127.0.0.1 GET /admin/product/prolist.html
[ info ] www.pluralisticshop.com/admin/product/prolist.html [运行时间：0.011963s][吞吐率：83.59req/s] [内存消耗：1,320.19kb] [文件加载：59]
[ info ] [ LANG ] /var/www/html/pluralisticShop/thinkphp/lang/zh-cn.php
[ info ] [ ROUTE ] array (
  'type' => 'module',
  'module' => 
  array (
    0 => 'admin',
    1 => 'product',
    2 => 'prolist',
  ),
)
[ info ] [ HEADER ] array (
  'host' => 'www.pluralisticshop.com',
  'connection' => 'keep-alive',
  'upgrade-insecure-requests' => '1',
  'user-agent' => 'Mozilla/5.0 (X11; Linux x86_64) AppleWebKit/537.36 (KHTML, like Gecko) Chrome/59.0.3071.115 Safari/537.36',
  'accept' => 'text/html,application/xhtml+xml,application/xml;q=0.9,image/webp,image/apng,*/*;q=0.8',
  'referer' => 'http://www.pluralisticshop.com/admin',
  'accept-encoding' => 'gzip, deflate',
  'accept-language' => 'zh-CN,zh;q=0.8',
  'cookie' => 'bdshare_firstime=1509503438611',
)
[ info ] [ PARAM ] array (
)
[ info ] [ RUN ] app\admin\controller\Product->prolist[ /var/www/html/pluralisticShop/application/admin/controller/Product.php ]
[ info ] [ DB ] INIT mysql
[ info ] [ VIEW ] /var/www/html/pluralisticShop/public/../application/admin/view/product/product-list.html [ array (
  0 => 'res',
) ]
[ info ] [ LOG ] INIT File
[ sql ] [ DB ] CONNECT:[ UseTime:0.000852s ] mysql:host=127.0.0.1;dbname=lastproject;charset=utf8
[ sql ] [ SQL ] SHOW COLUMNS FROM `think_product` [ RunTime:0.001714s ]
[ sql ] [ SQL ] SELECT * FROM `think_product` WHERE  `status` >= 0 [ RunTime:0.000639s ]
---------------------------------------------------------------
[ 2017-11-03T09:18:02+08:00 ] 127.0.0.1 127.0.0.1 GET /admin/product/addspec.html?product_id=1001
[ info ] www.pluralisticshop.com/admin/product/addspec.html?product_id=1001 [运行时间：0.004043s][吞吐率：247.35req/s] [内存消耗：523.15kb] [文件加载：52]
[ info ] [ LANG ] /var/www/html/pluralisticShop/thinkphp/lang/zh-cn.php
[ info ] [ ROUTE ] array (
  'type' => 'module',
  'module' => 
  array (
    0 => 'admin',
    1 => 'product',
    2 => 'addspec',
  ),
)
[ info ] [ HEADER ] array (
  'host' => 'www.pluralisticshop.com',
  'connection' => 'keep-alive',
  'upgrade-insecure-requests' => '1',
  'user-agent' => 'Mozilla/5.0 (X11; Linux x86_64) AppleWebKit/537.36 (KHTML, like Gecko) Chrome/59.0.3071.115 Safari/537.36',
  'accept' => 'text/html,application/xhtml+xml,application/xml;q=0.9,image/webp,image/apng,*/*;q=0.8',
  'referer' => 'http://www.pluralisticshop.com/admin/product/prolist.html',
  'accept-encoding' => 'gzip, deflate',
  'accept-language' => 'zh-CN,zh;q=0.8',
  'cookie' => 'bdshare_firstime=1509503438611',
)
[ info ] [ PARAM ] array (
  'product_id' => '1001',
)
[ info ] [ RUN ] app\admin\controller\Product->addSpec[ /var/www/html/pluralisticShop/application/admin/controller/Product.php ]
[ info ] [ VIEW ] /var/www/html/pluralisticShop/public/../application/admin/view/product/product-addspec.html [ array (
) ]
[ info ] [ LOG ] INIT File
---------------------------------------------------------------
[ 2017-11-03T09:18:32+08:00 ] 127.0.0.1 127.0.0.1 GET /admin/product/prolist.html
[ info ] www.pluralisticshop.com/admin/product/prolist.html [运行时间：0.015393s][吞吐率：64.96req/s] [内存消耗：1,320.19kb] [文件加载：59]
[ info ] [ LANG ] /var/www/html/pluralisticShop/thinkphp/lang/zh-cn.php
[ info ] [ ROUTE ] array (
  'type' => 'module',
  'module' => 
  array (
    0 => 'admin',
    1 => 'product',
    2 => 'prolist',
  ),
)
[ info ] [ HEADER ] array (
  'host' => 'www.pluralisticshop.com',
  'connection' => 'keep-alive',
  'upgrade-insecure-requests' => '1',
  'user-agent' => 'Mozilla/5.0 (X11; Linux x86_64) AppleWebKit/537.36 (KHTML, like Gecko) Chrome/59.0.3071.115 Safari/537.36',
  'accept' => 'text/html,application/xhtml+xml,application/xml;q=0.9,image/webp,image/apng,*/*;q=0.8',
  'referer' => 'http://www.pluralisticshop.com/admin',
  'accept-encoding' => 'gzip, deflate',
  'accept-language' => 'zh-CN,zh;q=0.8',
  'cookie' => 'bdshare_firstime=1509503438611',
)
[ info ] [ PARAM ] array (
)
[ info ] [ RUN ] app\admin\controller\Product->prolist[ /var/www/html/pluralisticShop/application/admin/controller/Product.php ]
[ info ] [ DB ] INIT mysql
[ info ] [ VIEW ] /var/www/html/pluralisticShop/public/../application/admin/view/product/product-list.html [ array (
  0 => 'res',
) ]
[ info ] [ LOG ] INIT File
[ sql ] [ DB ] CONNECT:[ UseTime:0.000822s ] mysql:host=127.0.0.1;dbname=lastproject;charset=utf8
[ sql ] [ SQL ] SHOW COLUMNS FROM `think_product` [ RunTime:0.002356s ]
[ sql ] [ SQL ] SELECT * FROM `think_product` WHERE  `status` >= 0 [ RunTime:0.000592s ]
---------------------------------------------------------------
[ 2017-11-03T09:18:34+08:00 ] 127.0.0.1 127.0.0.1 GET /admin/product/addspec.html?product_id=1001
[ info ] www.pluralisticshop.com/admin/product/addspec.html?product_id=1001 [运行时间：0.009395s][吞吐率：106.44req/s] [内存消耗：523.14kb] [文件加载：52]
[ info ] [ LANG ] /var/www/html/pluralisticShop/thinkphp/lang/zh-cn.php
[ info ] [ ROUTE ] array (
  'type' => 'module',
  'module' => 
  array (
    0 => 'admin',
    1 => 'product',
    2 => 'addspec',
  ),
)
[ info ] [ HEADER ] array (
  'host' => 'www.pluralisticshop.com',
  'connection' => 'keep-alive',
  'upgrade-insecure-requests' => '1',
  'user-agent' => 'Mozilla/5.0 (X11; Linux x86_64) AppleWebKit/537.36 (KHTML, like Gecko) Chrome/59.0.3071.115 Safari/537.36',
  'accept' => 'text/html,application/xhtml+xml,application/xml;q=0.9,image/webp,image/apng,*/*;q=0.8',
  'referer' => 'http://www.pluralisticshop.com/admin/product/prolist.html',
  'accept-encoding' => 'gzip, deflate',
  'accept-language' => 'zh-CN,zh;q=0.8',
  'cookie' => 'bdshare_firstime=1509503438611',
)
[ info ] [ PARAM ] array (
  'product_id' => '1001',
)
[ info ] [ RUN ] app\admin\controller\Product->addSpec[ /var/www/html/pluralisticShop/application/admin/controller/Product.php ]
[ info ] [ VIEW ] /var/www/html/pluralisticShop/public/../application/admin/view/product/product-addspec.html [ array (
) ]
[ info ] [ LOG ] INIT File
